Watching for changes in /Users/vsrecio/Projects/Antigravity/containersday/assets/{images,logos}, /Users/vsrecio/Projects/Antigravity/containersday/content/{en,sessions,speakers}, /Users/vsrecio/Projects/Antigravity/containersday/i18n, /Users/vsrecio/Projects/Antigravity/containersday/package.json, /Users/vsrecio/Projects/Antigravity/containersday/static/{images,logos,videos}, /Users/vsrecio/Projects/Antigravity/containersday/themes/event/assets/{icons,images,logos,styles,test}, /Users/vsrecio/Projects/Antigravity/containersday/themes/event/content/{sessions,speakers}, /Users/vsrecio/Projects/Antigravity/containersday/themes/event/i18n, /Users/vsrecio/Projects/Antigravity/containersday/themes/event/layouts/{_default,miscellaneous,partials,sessions,speakers}, /Users/vsrecio/Projects/Antigravity/containersday/themes/event/package.json, ... and 1 more
Watching for config changes in /Users/vsrecio/Projects/Antigravity/containersday/hugo.yaml, /Users/vsrecio/Projects/Antigravity/containersday/themes/event/hugo.yaml
Start building sites … 
hugo v0.156.0-9d914726dee87b0e8e3d7890d660221bde372eec darwin/arm64 BuildDate=2026-02-18T16:39:55Z VendorInfo=gohugoio

WARN  No Sessionize ID found! Did you set it in the site parameters?

                  │ ES │ EN 
──────────────────┼────┼────
 Pages            │ 28 │ 18 
 Paginator pages  │  0 │  0 
 Non-page files   │  0 │  0 
 Static files     │ 35 │ 35 
 Processed images │  0 │  0 
 Aliases          │  1 │  0 
 Cleaned          │  0 │  0 

Built in 17 ms
Environment: "development"
Serving pages from disk
Web Server is available at http://localhost:1313/ (bind address 0.0.0.0) 
Press Ctrl+C to stop

Change detected, rebuilding site (#1).
2026-04-22 23:48:57.399 -0400
i18n changed /en.yaml
WARN  No Sessionize ID found! Did you set it in the site parameters?
Web Server is available at http://localhost:1313/ (bind address 0.0.0.0)
Total in 11 ms

Change detected, rebuilding site (#2).
2026-04-22 23:49:03.399 -0400
i18n changed /es.yaml
WARN  No Sessionize ID found! Did you set it in the site parameters?
Web Server is available at http://localhost:1313/ (bind address 0.0.0.0)
Total in 13 ms

Change detected, rebuilding site (#3).
2026-04-22 23:49:09.899 -0400
i18n changed /en.yaml
WARN  No Sessionize ID found! Did you set it in the site parameters?
Web Server is available at http://localhost:1313/ (bind address 0.0.0.0)
Total in 11 ms

Change detected, rebuilding site (#4).
2026-04-22 23:49:14.899 -0400
i18n changed /es.yaml
WARN  No Sessionize ID found! Did you set it in the site parameters?
Web Server is available at http://localhost:1313/ (bind address 0.0.0.0)
Total in 11 ms

Change detected, rebuilding site (#5).
2026-04-22 23:49:20.400 -0400
Template changed /home.html
Web Server is available at http://localhost:1313/ (bind address 0.0.0.0)
Total in 10 ms

Change detected, rebuilding site (#6).
2026-04-22 23:49:27.399 -0400
i18n changed /en.yaml
WARN  No Sessionize ID found! Did you set it in the site parameters?
Web Server is available at http://localhost:1313/ (bind address 0.0.0.0)
Total in 11 ms

Change detected, rebuilding site (#7).
2026-04-22 23:49:32.900 -0400
i18n changed /es.yaml
WARN  No Sessionize ID found! Did you set it in the site parameters?
Web Server is available at http://localhost:1313/ (bind address 0.0.0.0)
Total in 15 ms

Change detected, rebuilding site (#8).
2026-04-22 23:49:39.400 -0400
Template changed /partials/sections/hero-slider.html
Web Server is available at http://localhost:1313/ (bind address 0.0.0.0)
Total in 11 ms

Change detected, rebuilding site (#9).
2026-04-22 23:49:50.900 -0400
i18n changed /en.yaml
WARN  No Sessionize ID found! Did you set it in the site parameters?
Web Server is available at http://localhost:1313/ (bind address 0.0.0.0)
Total in 11 ms

Change detected, rebuilding site (#10).
2026-04-22 23:49:55.900 -0400
i18n changed /es.yaml
WARN  No Sessionize ID found! Did you set it in the site parameters?
Web Server is available at http://localhost:1313/ (bind address 0.0.0.0)
Total in 11 ms

Change detected, rebuilding site (#11).
2026-04-22 23:50:01.400 -0400
Template changed /partials/sections/our-sponsors.html
Web Server is available at http://localhost:1313/ (bind address 0.0.0.0)
Total in 12 ms

Change detected, rebuilding site (#12).
2026-04-22 23:50:06.400 -0400
Template changed /miscellaneous/sponsors.html
Web Server is available at http://localhost:1313/ (bind address 0.0.0.0)
Total in 9 ms

Change detected, rebuilding site (#13).
2026-04-22 23:50:11.400 -0400
i18n changed /en.yaml
WARN  No Sessionize ID found! Did you set it in the site parameters?
Web Server is available at http://localhost:1313/ (bind address 0.0.0.0)
Total in 11 ms

Change detected, rebuilding site (#14).
2026-04-22 23:50:17.400 -0400
i18n changed /es.yaml
WARN  No Sessionize ID found! Did you set it in the site parameters?
Web Server is available at http://localhost:1313/ (bind address 0.0.0.0)
Total in 12 ms

Change detected, rebuilding site (#15).
2026-04-22 23:50:22.900 -0400
Template changed /miscellaneous/sponsors.html
Web Server is available at http://localhost:1313/ (bind address 0.0.0.0)
Total in 13 ms

Change detected, rebuilding site (#16).
2026-04-22 23:50:29.400 -0400
i18n changed /en.yaml
WARN  No Sessionize ID found! Did you set it in the site parameters?
Web Server is available at http://localhost:1313/ (bind address 0.0.0.0)
Total in 11 ms

Change detected, rebuilding site (#17).
2026-04-22 23:50:34.900 -0400
i18n changed /es.yaml
WARN  No Sessionize ID found! Did you set it in the site parameters?
Web Server is available at http://localhost:1313/ (bind address 0.0.0.0)
Total in 12 ms

Change detected, rebuilding site (#18).
2026-04-22 23:50:40.901 -0400
Template changed /miscellaneous/sponsors.html
Web Server is available at http://localhost:1313/ (bind address 0.0.0.0)
Total in 10 ms

Change detected, rebuilding site (#19).
2026-04-22 23:50:46.400 -0400
Template changed /_default/baseof.html
Web Server is available at http://localhost:1313/ (bind address 0.0.0.0)
Total in 16 ms

Change detected, rebuilding site (#20).
2026-04-22 23:57:40.408 -0400
i18n changed /en.yaml
WARN  No Sessionize ID found! Did you set it in the site parameters?
Web Server is available at http://localhost:1313/ (bind address 0.0.0.0)
Total in 10 ms

Change detected, rebuilding site (#21).
2026-04-22 23:57:47.908 -0400
i18n changed /es.yaml
WARN  No Sessionize ID found! Did you set it in the site parameters?
Web Server is available at http://localhost:1313/ (bind address 0.0.0.0)
Total in 13 ms

Change detected, rebuilding site (#22).
2026-04-22 23:57:59.908 -0400
Template changed /miscellaneous/tourism.html
Web Server is available at http://localhost:1313/ (bind address 0.0.0.0)
Total in 10 ms

Change detected, rebuilding site (#23).
2026-04-22 23:58:09.908 -0400
Template changed /partials/sections/testimonials.html
Web Server is available at http://localhost:1313/ (bind address 0.0.0.0)
Total in 10 ms

Change detected, rebuilding site (#24).
2026-04-22 23:58:15.408 -0400
Template changed /partials/generic-hero.html
Web Server is available at http://localhost:1313/ (bind address 0.0.0.0)
Total in 13 ms

Change detected, rebuilding site (#25).
2026-04-22 23:58:21.408 -0400
Template changed /partials/sections/hero-slider.html
Web Server is available at http://localhost:1313/ (bind address 0.0.0.0)
Total in 12 ms

Change detected, rebuilding site (#26).
2026-04-22 23:58:28.909 -0400
Template changed /_default/baseof.html
Web Server is available at http://localhost:1313/ (bind address 0.0.0.0)
Total in 12 ms
